C:\USERS\BVST\DOWNLOADS\D3D11光照计算\DEBUG\APPUTIL.OBJ
C:\USERS\BVST\DOWNLOADS\D3D11光照计算\DEBUG\GEOMETRYGENS.OBJ
C:\USERS\BVST\DOWNLOADS\D3D11光照计算\DEBUG\TIMER.OBJ
C:\USERS\BVST\DOWNLOADS\D3D11光照计算\DEBUG\WINAPP.OBJ
C:\USERS\BVST\DOWNLOADS\D3D11光照计算\DEBUG\MAIN.OBJ
C:\USERS\BVST\DOWNLOADS\D3D11光照计算\DEBUG\VC110.PDB
C:\Users\BVST\Downloads\D3D11光照计算\Debug\AppUtil.obj
C:\Users\BVST\Downloads\D3D11光照计算\Debug\GeometryGens.obj
C:\Users\BVST\Downloads\D3D11光照计算\Debug\Main.obj
C:\Users\BVST\Downloads\D3D11光照计算\Debug\Timer.obj
C:\Users\BVST\Downloads\D3D11光照计算\Debug\WinApp.obj
C:\Users\BVST\Downloads\D3D11光照计算\Debug\cl.command.1.tlog
C:\Users\BVST\Downloads\D3D11光照计算\Debug\CL.read.1.tlog
C:\Users\BVST\Downloads\D3D11光照计算\Debug\CL.write.1.tlog
C:\Users\BVST\Downloads\D3D11光照计算\Debug\link-cvtres.read.1.tlog
C:\Users\BVST\Downloads\D3D11光照计算\Debug\link-cvtres.write.1.tlog
C:\Users\BVST\Downloads\D3D11光照计算\Debug\link-rc.read.1.tlog
C:\Users\BVST\Downloads\D3D11光照计算\Debug\link-rc.write.1.tlog
C:\Users\BVST\Downloads\D3D11光照计算\Debug\link.command.1.tlog
C:\Users\BVST\Downloads\D3D11光照计算\Debug\link.read.1.tlog
C:\Users\BVST\Downloads\D3D11光照计算\Debug\link.write.1.tlog
C:\Users\BVST\Downloads\D3D11光照计算\Debug\vc110.idb
C:\Users\BVST\Downloads\D3D11光照计算\Debug\Light.pdb
C:\Users\BVST\Downloads\D3D11光照计算\Debug\vc110.pdb
